<?xml version="1.0" encoding="UTF-8"?>
<!-- Generated by org.testng.reporters.JUnitReportReporter -->
<testsuite hostname="DESKTOP-7KA8JA1" failures="0" tests="1" name="TestScripts.SecondTest" time="50.225" errors="0" timestamp="2023-03-01T12:10:33 IST" skipped="0">
  <testcase classname="TestScripts.SecondTest" name="secondtest" time="50.225"/>
  <system-out/>
</testsuite> <!-- TestScripts.SecondTest -->
