<?xml version="1.0" encoding="UTF-8"?>
<!-- Generated by org.testng.reporters.JUnitReportReporter -->
<testsuite hostname="DESKTOP-7KA8JA1" failures="0" tests="1" name="TestScripts.Firsttest" time="12.836" errors="0" timestamp="2023-03-01T12:08:44 IST" skipped="0">
  <testcase classname="TestScripts.Firsttest" name="firstest" time="12.836"/>
  <system-out/>
</testsuite> <!-- TestScripts.Firsttest -->
